<?xml version="1.0" encoding="UTF-8"?>
<!-- Generated by org.testng.reporters.JUnitXMLReporter -->
<testsuite ignored="0" hostname="DESKTOP-NO5MNCJ" failures="0" tests="8" name="Test" time="39.873" errors="0" timestamp="2025-01-24T23:29:58 IST">
  <testcase classname="testcase.LoginTest" name="logintest" time="0.836"/>
  <testcase classname="testcase.Checkout" name="checkout" time="0.359"/>
  <testcase classname="testcase.Searchtest" name="searchtest" time="0.475"/>
  <testcase classname="testcase.SearchResultsTest" name="searchresultproductslist" time="1.735"/>
  <testcase classname="testcase.Shoppingcarttest" name="shoppingcartlisttable" time="6.507"/>
  <testcase classname="testcase.Shoppingcarttest" name="cartpagetable" time="1.92"/>
  <testcase classname="testcase.Wishlisttest" name="wishlistpageempty" time="2.257"/>
  <testcase classname="testcase.Wishlisttest" name="addtowishlist" time="3.263"/>
</testsuite> <!-- Test -->
